  [1m[35m (99.5ms)[0m  [1m[35mCREATE DATABASE "FirstRoutesControllers_development" ENCODING = 'unicode'[0m
  [1m[35m (43.0ms)[0m  [1m[35mCREATE DATABASE "FirstRoutesControllers_test" ENCODING = 'unicode'[0m
Started GET "/" for ::1 at 2023-02-15 15:28:16 -0500
Processing by Rails::WelcomeController#index as HTML
  Rendering /Users/morganwaddington/.rbenv/versions/3.1.1/lib/ruby/gems/3.1.0/gems/railties-7.0.4.2/lib/rails/templates/rails/welcome/index.html.erb
  Rendered /Users/morganwaddington/.rbenv/versions/3.1.1/lib/ruby/gems/3.1.0/gems/railties-7.0.4.2/lib/rails/templates/rails/welcome/index.html.erb (Duration: 0.9ms | Allocations: 527)
Completed 200 OK in 4ms (Views: 2.4ms | ActiveRecord: 0.0ms | Allocations: 2801)


Started GET "/chirps" for ::1 at 2023-02-15 15:29:57 -0500
  
ActionController::RoutingError (No route matches [GET] "/chirps"):
  
Started GET "/" for ::1 at 2023-02-15 15:30:17 -0500
Processing by Rails::WelcomeController#index as HTML
  Rendering /Users/morganwaddington/.rbenv/versions/3.1.1/lib/ruby/gems/3.1.0/gems/railties-7.0.4.2/lib/rails/templates/rails/welcome/index.html.erb
  Rendered /Users/morganwaddington/.rbenv/versions/3.1.1/lib/ruby/gems/3.1.0/gems/railties-7.0.4.2/lib/rails/templates/rails/welcome/index.html.erb (Duration: 1.3ms | Allocations: 288)
Completed 200 OK in 3ms (Views: 2.1ms | ActiveRecord: 0.0ms | Allocations: 1167)


Started GET "/users" for ::1 at 2023-02-15 15:30:51 -0500

ActionController::RoutingError - uninitialized constant UsersController
      Object.const_get(camel_cased_word)
            ^^^^^^^^^^
            raise MissingController.new(error.message, error.name)
            ^^^^^:

Started POST "/__better_errors/14503c7d1d302aa1/variables" for ::1 at 2023-02-15 15:30:51 -0500
Started GET "/users" for ::1 at 2023-02-15 16:11:37 -0500

AbstractController::ActionNotFound - The action 'index' could not be found for UsersController:

Started GET "/" for ::1 at 2023-02-15 16:12:02 -0500
Processing by Rails::WelcomeController#index as */*
  Rendering /Users/morganwaddington/.rbenv/versions/3.1.1/lib/ruby/gems/3.1.0/gems/railties-7.0.4.2/lib/rails/templates/rails/welcome/index.html.erb
  Rendered /Users/morganwaddington/.rbenv/versions/3.1.1/lib/ruby/gems/3.1.0/gems/railties-7.0.4.2/lib/rails/templates/rails/welcome/index.html.erb (Duration: 1.9ms | Allocations: 522)
Completed 200 OK in 13ms (Views: 6.7ms | ActiveRecord: 0.0ms | Allocations: 2524)


Started GET "/" for ::1 at 2023-02-15 16:12:27 -0500
Processing by Rails::WelcomeController#index as HTML
  Rendering /Users/morganwaddington/.rbenv/versions/3.1.1/lib/ruby/gems/3.1.0/gems/railties-7.0.4.2/lib/rails/templates/rails/welcome/index.html.erb
  Rendered /Users/morganwaddington/.rbenv/versions/3.1.1/lib/ruby/gems/3.1.0/gems/railties-7.0.4.2/lib/rails/templates/rails/welcome/index.html.erb (Duration: 1.2ms | Allocations: 278)
Completed 200 OK in 4ms (Views: 2.4ms | ActiveRecord: 0.0ms | Allocations: 917)


Started GET "/users" for ::1 at 2023-02-15 16:14:19 -0500

AbstractController::ActionNotFound - The action 'index' could not be found for UsersController:

Started GET "/users" for ::1 at 2023-02-15 16:15:35 -0500

AbstractController::ActionNotFound - The action 'index' could not be found for UsersController:

Started GET "/users" for ::1 at 2023-02-15 16:18:09 -0500
Processing by UsersController#index as */*
No template found for UsersController#index, rendering head :no_content
Completed 204 No Content in 0ms (Allocations: 224)


Started GET "/users" for ::1 at 2023-02-15 16:19:07 -0500
Processing by UsersController#index as HTML
Completed 406 Not Acceptable in 1ms (Allocations: 651)



ActionController::MissingExactTemplate - UsersController#index is missing a template for request formats: text/html:

Started POST "/__better_errors/7d7b764c3d1c9e09/variables" for ::1 at 2023-02-15 16:19:07 -0500
Started GET "/users" for ::1 at 2023-02-15 16:20:24 -0500
Processing by UsersController#index as */*
  Rendering text template
  Rendered text template (Duration: 0.0ms | Allocations: 10)
Completed 200 OK in 2ms (Views: 1.5ms | Allocations: 542)


Started GET "/users" for ::1 at 2023-02-15 16:20:45 -0500
Processing by UsersController#index as HTML
  Rendering text template
  Rendered text template (Duration: 0.0ms | Allocations: 4)
Completed 200 OK in 1ms (Views: 0.6ms | Allocations: 157)


Started GET "/users" for ::1 at 2023-02-15 16:21:00 -0500
Processing by UsersController#index as */*
No template found for UsersController#index, rendering head :no_content
Completed 204 No Content in 0ms (Allocations: 133)


Started GET "/users" for ::1 at 2023-02-15 16:21:23 -0500
Processing by UsersController#index as */*
  Rendering text template
  Rendered text template (Duration: 0.0ms | Allocations: 8)
Completed 200 OK in 0ms (Views: 0.4ms | Allocations: 437)


Started GET "/users" for ::1 at 2023-02-15 16:22:01 -0500
Processing by UsersController#index as */*
  Rendering text template
  Rendered text template (Duration: 0.0ms | Allocations: 5)
Completed 200 OK in 1ms (Views: 0.4ms | Allocations: 160)


Started GET "/users" for ::1 at 2023-02-15 16:22:04 -0500
Processing by UsersController#index as */*
  Rendering text template
  Rendered text template (Duration: 0.0ms | Allocations: 4)
Completed 200 OK in 1ms (Views: 0.5ms | Allocations: 145)


Started GET "/users" for ::1 at 2023-02-15 16:22:05 -0500
Processing by UsersController#index as */*
  Rendering text template
  Rendered text template (Duration: 0.0ms | Allocations: 4)
Completed 200 OK in 1ms (Views: 0.5ms | Allocations: 145)


Started GET "/users" for ::1 at 2023-02-15 16:22:07 -0500
Processing by UsersController#index as */*
  Rendering text template
  Rendered text template (Duration: 0.0ms | Allocations: 4)
Completed 200 OK in 1ms (Views: 0.5ms | Allocations: 145)


Started GET "/users?fav_food=pizza" for ::1 at 2023-02-15 16:27:42 -0500
Processing by UsersController#index as */*
  Parameters: {"fav_food"=>"pizza"}
  Rendering text template
  Rendered text template (Duration: 0.0ms | Allocations: 13)
Completed 200 OK in 2ms (Views: 1.7ms | ActiveRecord: 0.0ms | Allocations: 1395)


Started GET "/users?fav_food=pizza" for ::1 at 2023-02-15 16:27:56 -0500
Processing by UsersController#index as HTML
  Parameters: {"fav_food"=>"pizza"}
  Rendering text template
  Rendered text template (Duration: 0.0ms | Allocations: 5)
Completed 200 OK in 1ms (Views: 0.7ms | ActiveRecord: 0.0ms | Allocations: 167)


Started POST "/users" for ::1 at 2023-02-15 16:31:42 -0500

AbstractController::ActionNotFound - The action 'create' could not be found for UsersController:

Started POST "/users" for ::1 at 2023-02-15 16:33:34 -0500
Processing by UsersController#create as */*
Completed 200 OK in 0ms (Views: 0.3ms | ActiveRecord: 0.0ms | Allocations: 245)


Started POST "/users" for ::1 at 2023-02-15 16:33:54 -0500
Processing by UsersController#create as */*
Completed 200 OK in 0ms (Views: 0.1ms | ActiveRecord: 0.0ms | Allocations: 154)


Started POST "/users" for ::1 at 2023-02-15 16:34:03 -0500
Processing by UsersController#create as */*
Completed 200 OK in 0ms (Views: 0.2ms | ActiveRecord: 0.0ms | Allocations: 103)


Started POST "/users" for ::1 at 2023-02-15 16:34:11 -0500
Processing by UsersController#create as */*
Completed 200 OK in 0ms (Views: 0.1ms | ActiveRecord: 0.0ms | Allocations: 101)


Started POST "/users" for ::1 at 2023-02-15 16:34:12 -0500
Processing by UsersController#create as */*
Completed 200 OK in 0ms (Views: 0.2ms | ActiveRecord: 0.0ms | Allocations: 100)


Started POST "/users" for ::1 at 2023-02-15 16:34:35 -0500
Processing by UsersController#create as */*
Completed 200 OK in 0ms (Views: 0.2ms | ActiveRecord: 0.0ms | Allocations: 100)


Started POST "/users" for ::1 at 2023-02-15 16:36:01 -0500
Processing by UsersController#create as */*
Completed 200 OK in 0ms (Views: 0.3ms | ActiveRecord: 0.0ms | Allocations: 100)


Started POST "/users" for ::1 at 2023-02-15 16:36:11 -0500
Processing by UsersController#create as */*
Completed 200 OK in 0ms (Views: 0.2ms | ActiveRecord: 0.0ms | Allocations: 100)


Started POST "/users" for ::1 at 2023-02-15 16:36:25 -0500
Processing by UsersController#create as */*
Completed 200 OK in 0ms (Views: 0.1ms | ActiveRecord: 0.0ms | Allocations: 100)


Started POST "/users" for ::1 at 2023-02-15 16:36:30 -0500
Processing by UsersController#create as */*
Completed 200 OK in 0ms (Views: 0.2ms | ActiveRecord: 0.0ms | Allocations: 100)


Started POST "/users" for ::1 at 2023-02-15 16:38:02 -0500
Processing by UsersController#create as */*
Completed 200 OK in 1ms (Views: 0.3ms | ActiveRecord: 0.0ms | Allocations: 100)


Started POST "/users" for ::1 at 2023-02-15 16:38:07 -0500
Processing by UsersController#create as */*
Completed 200 OK in 0ms (Views: 0.2ms | ActiveRecord: 0.0ms | Allocations: 100)


Started POST "/users" for ::1 at 2023-02-15 16:38:51 -0500
Processing by UsersController#create as */*
  Parameters: {"fav_food"=>"pizz"}
Completed 200 OK in 0ms (Views: 0.2ms | Allocations: 156)


Started POST "/users" for ::1 at 2023-02-15 16:38:56 -0500
Processing by UsersController#create as */*
  Parameters: {"fav_food"=>"pizza"}
Completed 200 OK in 0ms (Views: 0.2ms | Allocations: 106)


Started GET "/users/2" for ::1 at 2023-02-15 16:44:20 -0500

ActiveRecord::NoDatabaseError - We could not find your database: FirstRoutesControllers_development. Which can be found in the database configuration file located at config/database.yml.
To resolve this issue:
- Did you create the database for this app, or delete it? You may need to create your database.
- Has the database name changed? Check your database.yml config has the correct database name.
To create your database, run:
        bin/rails db:create:

Started GET "/users/2" for ::1 at 2023-02-15 16:45:17 -0500

ActiveRecord::NoDatabaseError - We could not find your database: FirstRoutesControllers_development. Which can be found in the database configuration file located at config/database.yml.
To resolve this issue:
- Did you create the database for this app, or delete it? You may need to create your database.
- Has the database name changed? Check your database.yml config has the correct database name.
To create your database, run:
        bin/rails db:create:

Started GET "/users/2" for ::1 at 2023-02-15 16:45:20 -0500

ActiveRecord::NoDatabaseError - We could not find your database: FirstRoutesControllers_development. Which can be found in the database configuration file located at config/database.yml.
To resolve this issue:
- Did you create the database for this app, or delete it? You may need to create your database.
- Has the database name changed? Check your database.yml config has the correct database name.
To create your database, run:
        bin/rails db:create:

Started GET "/users" for ::1 at 2023-02-15 16:45:37 -0500

ActiveRecord::NoDatabaseError - We could not find your database: FirstRoutesControllers_development. Which can be found in the database configuration file located at config/database.yml.
To resolve this issue:
- Did you create the database for this app, or delete it? You may need to create your database.
- Has the database name changed? Check your database.yml config has the correct database name.
To create your database, run:
        bin/rails db:create:

Started GET "/users" for ::1 at 2023-02-15 16:45:40 -0500

ActiveRecord::NoDatabaseError - We could not find your database: FirstRoutesControllers_development. Which can be found in the database configuration file located at config/database.yml.
To resolve this issue:
- Did you create the database for this app, or delete it? You may need to create your database.
- Has the database name changed? Check your database.yml config has the correct database name.
To create your database, run:
        bin/rails db:create:

Started GET "/" for ::1 at 2023-02-15 16:45:46 -0500

ActiveRecord::NoDatabaseError - We could not find your database: FirstRoutesControllers_development. Which can be found in the database configuration file located at config/database.yml.
To resolve this issue:
- Did you create the database for this app, or delete it? You may need to create your database.
- Has the database name changed? Check your database.yml config has the correct database name.
To create your database, run:
        bin/rails db:create:

Started GET "/" for ::1 at 2023-02-15 16:45:48 -0500

ActiveRecord::NoDatabaseError - We could not find your database: FirstRoutesControllers_development. Which can be found in the database configuration file located at config/database.yml.
To resolve this issue:
- Did you create the database for this app, or delete it? You may need to create your database.
- Has the database name changed? Check your database.yml config has the correct database name.
To create your database, run:
        bin/rails db:create:

Started GET "/" for ::1 at 2023-02-15 16:46:16 -0500

ActiveRecord::NoDatabaseError - We could not find your database: FirstRoutesControllers_development. Which can be found in the database configuration file located at config/database.yml.
To resolve this issue:
- Did you create the database for this app, or delete it? You may need to create your database.
- Has the database name changed? Check your database.yml config has the correct database name.
To create your database, run:
        bin/rails db:create:

Started POST "/__better_errors/945cdda6ebf6a9b6/variables" for ::1 at 2023-02-15 16:46:17 -0500
Started GET "/users" for ::1 at 2023-02-15 16:46:48 -0500

ActiveRecord::NoDatabaseError - We could not find your database: FirstRoutesControllers_development. Which can be found in the database configuration file located at config/database.yml.
To resolve this issue:
- Did you create the database for this app, or delete it? You may need to create your database.
- Has the database name changed? Check your database.yml config has the correct database name.
To create your database, run:
        bin/rails db:create:

Started POST "/users" for ::1 at 2023-02-15 16:46:55 -0500

ActiveRecord::NoDatabaseError - We could not find your database: FirstRoutesControllers_development. Which can be found in the database configuration file located at config/database.yml.
To resolve this issue:
- Did you create the database for this app, or delete it? You may need to create your database.
- Has the database name changed? Check your database.yml config has the correct database name.
To create your database, run:
        bin/rails db:create:

  [1m[35m (380.0ms)[0m  [1m[35mCREATE DATABASE "FirstRoutesControllers_development" ENCODING = 'unicode'[0m
  [1m[35m (173.3ms)[0m  [1m[35mCREATE DATABASE "FirstRoutesControllers_test" ENCODING = 'unicode'[0m
Started POST "/users" for ::1 at 2023-02-15 16:48:33 -0500
Processing by UsersController#create as */*
  Parameters: {"fav_food"=>"pizza"}
Completed 200 OK in 1ms (Views: 0.4ms | ActiveRecord: 0.0ms | Allocations: 376)


Started GET "/users/2" for ::1 at 2023-02-15 16:48:53 -0500
Processing by UsersController#show as */*
  Parameters: {"fav_food"=>"pizza", "id"=>"2"}
Completed 500 Internal Server Error in 8ms (ActiveRecord: 0.0ms | Allocations: 3059)



NoMethodError - undefined method `redner' for #<UsersController:0x00000000004150>
        redner json: params
        ^^^^^^
Did you mean?  render:
  app/controllers/users_controller.rb:14:in `show'

Started GET "/users/2" for ::1 at 2023-02-15 16:49:06 -0500
Processing by UsersController#show as */*
  Parameters: {"fav_food"=>"pizza", "id"=>"2"}
Completed 200 OK in 1ms (Views: 0.5ms | ActiveRecord: 0.0ms | Allocations: 220)


Started GET "/users/2" for ::1 at 2023-02-15 16:49:17 -0500
Processing by UsersController#show as */*
  Parameters: {"id"=>"2"}
Completed 200 OK in 0ms (Views: 0.2ms | ActiveRecord: 0.0ms | Allocations: 112)


Started GET "/users/2" for ::1 at 2023-02-15 16:49:29 -0500
Processing by UsersController#show as */*
  Parameters: {"id"=>"2"}
Completed 200 OK in 0ms (Views: 0.2ms | ActiveRecord: 0.0ms | Allocations: 110)


Started POST "/users/2" for ::1 at 2023-02-15 16:49:45 -0500
  
ActionController::RoutingError (No route matches [POST] "/users/2"):
  
Started GET "/users/2" for ::1 at 2023-02-15 16:49:49 -0500
Processing by UsersController#show as */*
  Parameters: {"id"=>"2"}
Completed 200 OK in 1ms (Views: 0.3ms | ActiveRecord: 0.0ms | Allocations: 155)


Started GET "/users?some_category[a_key]=[FILTERED]&some_category[a_second_key]=[FILTERED]&some_category[inner_inner_hash][key]=value&something_else=aaahhhhh%27" for ::1 at 2023-02-15 16:51:49 -0500
Processing by UsersController#index as */*
  Parameters: {"some_category"=>{"a_key"=>"[FILTERED]", "a_second_key"=>"[FILTERED]", "inner_inner_hash"=>{"key"=>"value"}}, "something_else"=>"aaahhhhh'"}
  Rendering text template
  Rendered text template (Duration: 0.1ms | Allocations: 10)
Completed 200 OK in 6ms (Views: 5.5ms | ActiveRecord: 0.0ms | Allocations: 552)


Started GET "/" for ::1 at 2023-02-15 16:52:05 -0500
Processing by Rails::WelcomeController#index as */*
  Rendering /Users/yong/.rbenv/versions/3.1.1/lib/ruby/gems/3.1.0/gems/railties-7.0.4.2/lib/rails/templates/rails/welcome/index.html.erb
  Rendered /Users/yong/.rbenv/versions/3.1.1/lib/ruby/gems/3.1.0/gems/railties-7.0.4.2/lib/rails/templates/rails/welcome/index.html.erb (Duration: 2.9ms | Allocations: 284)
Completed 200 OK in 43ms (Views: 16.1ms | ActiveRecord: 0.0ms | Allocations: 999)


Started GET "/" for ::1 at 2023-02-15 16:58:24 -0500
Processing by Rails::WelcomeController#index as */*
  Rendering /Users/yong/.rbenv/versions/3.1.1/lib/ruby/gems/3.1.0/gems/railties-7.0.4.2/lib/rails/templates/rails/welcome/index.html.erb
  Rendered /Users/yong/.rbenv/versions/3.1.1/lib/ruby/gems/3.1.0/gems/railties-7.0.4.2/lib/rails/templates/rails/welcome/index.html.erb (Duration: 1.2ms | Allocations: 281)
Completed 200 OK in 5ms (Views: 3.2ms | Allocations: 938)


Started GET "/" for ::1 at 2023-02-15 16:59:38 -0500
Processing by Rails::WelcomeController#index as */*
  Parameters: {"some_category"=>{"a_key"=>"[FILTERED]"}}
  Rendering /Users/yong/.rbenv/versions/3.1.1/lib/ruby/gems/3.1.0/gems/railties-7.0.4.2/lib/rails/templates/rails/welcome/index.html.erb
  Rendered /Users/yong/.rbenv/versions/3.1.1/lib/ruby/gems/3.1.0/gems/railties-7.0.4.2/lib/rails/templates/rails/welcome/index.html.erb (Duration: 0.1ms | Allocations: 16)
Completed 200 OK in 1ms (Views: 0.6ms | Allocations: 221)


Started GET "/users" for ::1 at 2023-02-15 16:59:44 -0500
Processing by UsersController#index as */*
  Parameters: {"some_category"=>{"a_key"=>"[FILTERED]"}}
  Rendering text template
  Rendered text template (Duration: 0.1ms | Allocations: 8)
Completed 200 OK in 2ms (Views: 2.0ms | Allocations: 360)


Started POST "/users" for ::1 at 2023-02-15 17:00:21 -0500
Processing by UsersController#create as */*
  Parameters: {"some_category"=>{"a_key"=>"[FILTERED]"}}
Completed 200 OK in 0ms (Views: 0.2ms | Allocations: 147)


Started POST "/users" for ::1 at 2023-02-15 17:01:21 -0500
Processing by UsersController#create as */*
  Parameters: {"some_category"=>{"a_key"=>"[FILTERED]"}}
Completed 200 OK in 1ms (Views: 0.3ms | Allocations: 199)


Started POST "/users" for ::1 at 2023-02-15 17:02:04 -0500
Processing by UsersController#create as */*
  Parameters: {"some_category"=>{"a_key"=>"[FILTERED]"}}
Completed 200 OK in 1ms (Views: 0.2ms | Allocations: 96)


Started POST "/users" for ::1 at 2023-02-15 17:02:10 -0500
Processing by UsersController#create as */*
  Parameters: {"some_category"=>{"a_key"=>"[FILTERED]"}}
Completed 200 OK in 1ms (Views: 0.9ms | Allocations: 210)


Started POST "/users?some_category[a_key]=[FILTERED]&some_category[a_second_key]=[FILTERED]&some_category[inner_inner_hash][key]=value&something_else=aaahhhhh%27" for ::1 at 2023-02-15 17:07:01 -0500
Processing by UsersController#create as */*
  Parameters: {"some_category"=>{"a_key"=>"[FILTERED]", "a_second_key"=>"[FILTERED]", "inner_inner_hash"=>{"key"=>"value"}}, "something_else"=>"aaahhhhh'"}
Completed 200 OK in 0ms (Views: 0.2ms | Allocations: 147)


  [1m[35m (14.7ms)[0m  [1m[35mCREATE TABLE "schema_migrations" ("version" character varying NOT NULL PRIMARY KEY)[0m
  [1m[35m (3.4ms)[0m  [1m[35mCREATE TABLE "ar_internal_metadata" ("key" character varying NOT NULL PRIMARY KEY, "value" character varying, "created_at" timestamp(6) NOT NULL, "updated_at" timestamp(6) NOT NULL)[0m
  [1m[35m (0.4ms)[0m  [1m[34mSELECT pg_try_advisory_lock(3436587258125138460)[0m
  [1m[36mActiveRecord::SchemaMigration Pluck (0.9ms)[0m  [1m[34mSELECT "schema_migrations"."version" FROM "schema_migrations" ORDER BY "schema_migrations"."version" ASC[0m
Migrating to CreateColumn (20230215221212)
  [1m[36mTRANSACTION (0.2ms)[0m  [1m[35mBEGIN[0m
  [1m[35m (5.6ms)[0m  [1m[35mCREATE TABLE "columns" ("id" bigserial primary key, "name" character varying NOT NULL, "email" character varying NOT NULL, "created_at" timestamp(6) NOT NULL, "updated_at" timestamp(6) NOT NULL)[0m
  [1m[36mActiveRecord::SchemaMigration Create (2.3ms)[0m  [1m[32mINSERT INTO "schema_migrations" ("version") VALUES ($1) RETURNING "version"[0m  [["version", "20230215221212"]]
  [1m[36mTRANSACTION (1.3ms)[0m  [1m[35mCOMMIT[0m
  [1m[36mActiveRecord::InternalMetadata Load (0.4ms)[0m  [1m[34mSELECT "ar_internal_metadata".* FROM "ar_internal_metadata" WHERE "ar_internal_metadata"."key" = $1 LIMIT $2[0m  [["key", "environment"], ["LIMIT", 1]]
  [1m[36mTRANSACTION (0.3ms)[0m  [1m[35mBEGIN[0m
  [1m[36mActiveRecord::InternalMetadata Create (1.4ms)[0m  [1m[32mINSERT INTO "ar_internal_metadata" ("key", "value", "created_at", "updated_at") VALUES ($1, $2, $3, $4) RETURNING "key"[0m  [["key", "environment"], ["value", "development"], ["created_at", "2023-02-15 22:18:18.299664"], ["updated_at", "2023-02-15 22:18:18.299664"]]
  [1m[36mTRANSACTION (0.4ms)[0m  [1m[35mCOMMIT[0m
  [1m[35m (0.4ms)[0m  [1m[34mSELECT pg_advisory_unlock(3436587258125138460)[0m
  [1m[36mActiveRecord::SchemaMigration Pluck (1.7ms)[0m  [1m[34mSELECT "schema_migrations"."version" FROM "schema_migrations" ORDER BY "schema_migrations"."version" ASC[0m
  [1m[35m (0.2ms)[0m  [1m[34mSELECT pg_try_advisory_lock(3436587258125138460)[0m
  [1m[36mActiveRecord::SchemaMigration Pluck (0.7ms)[0m  [1m[34mSELECT "schema_migrations"."version" FROM "schema_migrations" ORDER BY "schema_migrations"."version" ASC[0m
Migrating to CreateUser (20230216015705)
  [1m[36mTRANSACTION (0.3ms)[0m  [1m[35mBEGIN[0m
  [1m[35m (6.2ms)[0m  [1m[35mCREATE TABLE "users" ("id" bigserial primary key, "name_id" bigint NOT NULL, "email_id" bigint NOT NULL, "created_at" timestamp(6) NOT NULL, "updated_at" timestamp(6) NOT NULL)[0m
  [1m[35m (3.7ms)[0m  [1m[35mCREATE INDEX "index_users_on_name_id" ON "users" ("name_id")[0m
  [1m[35m (2.5ms)[0m  [1m[35mCREATE INDEX "index_users_on_email_id" ON "users" ("email_id")[0m
  [1m[36mActiveRecord::SchemaMigration Create (7.7ms)[0m  [1m[32mINSERT INTO "schema_migrations" ("version") VALUES ($1) RETURNING "version"[0m  [["version", "20230216015705"]]
  [1m[36mTRANSACTION (3.5ms)[0m  [1m[35mCOMMIT[0m
  [1m[36mActiveRecord::InternalMetadata Load (1.0ms)[0m  [1m[34mSELECT "ar_internal_metadata".* FROM "ar_internal_metadata" WHERE "ar_internal_metadata"."key" = $1 LIMIT $2[0m  [["key", "environment"], ["LIMIT", 1]]
  [1m[35m (0.7ms)[0m  [1m[34mSELECT pg_advisory_unlock(3436587258125138460)[0m
  [1m[36mActiveRecord::SchemaMigration Pluck (0.7ms)[0m  [1m[34mSELECT "schema_migrations"."version" FROM "schema_migrations" ORDER BY "schema_migrations"."version" ASC[0m
  [1m[36mActiveRecord::SchemaMigration Pluck (0.7ms)[0m  [1m[34mSELECT "schema_migrations"."version" FROM "schema_migrations" ORDER BY "schema_migrations"."version" ASC[0m
  [1m[36mActiveRecord::SchemaMigration Pluck (0.4ms)[0m  [1m[34mSELECT "schema_migrations"."version" FROM "schema_migrations" ORDER BY "schema_migrations"."version" ASC[0m
  [1m[36mActiveRecord::SchemaMigration Pluck (0.2ms)[0m  [1m[34mSELECT "schema_migrations"."version" FROM "schema_migrations" ORDER BY "schema_migrations"."version" ASC[0m
  [1m[35m (0.2ms)[0m  [1m[34mSELECT pg_try_advisory_lock(3436587258125138460)[0m
  [1m[36mActiveRecord::SchemaMigration Pluck (0.3ms)[0m  [1m[34mSELECT "schema_migrations"."version" FROM "schema_migrations" ORDER BY "schema_migrations"."version" ASC[0m
Migrating to CreateUser (20230216015705)
  [1m[36mTRANSACTION (0.6ms)[0m  [1m[35mBEGIN[0m
  [1m[35m (7.4ms)[0m  [1m[35mDROP TABLE "users"[0m
  [1m[36mActiveRecord::SchemaMigration Delete All (3.7ms)[0m  [1m[31mDELETE FROM "schema_migrations" WHERE "schema_migrations"."version" = $1[0m  [["version", "20230216015705"]]
  [1m[36mTRANSACTION (2.0ms)[0m  [1m[35mCOMMIT[0m
  [1m[35m (0.7ms)[0m  [1m[34mSELECT pg_advisory_unlock(3436587258125138460)[0m
  [1m[36mActiveRecord::SchemaMigration Pluck (0.7ms)[0m  [1m[34mSELECT "schema_migrations"."version" FROM "schema_migrations" ORDER BY "schema_migrations"."version" ASC[0m
  [1m[35m (0.2ms)[0m  [1m[34mSELECT pg_try_advisory_lock(3436587258125138460)[0m
  [1m[36mActiveRecord::SchemaMigration Pluck (0.8ms)[0m  [1m[34mSELECT "schema_migrations"."version" FROM "schema_migrations" ORDER BY "schema_migrations"."version" ASC[0m
Migrating to CreateUser (20230216015705)
  [1m[36mTRANSACTION (0.4ms)[0m  [1m[35mBEGIN[0m
  [1m[35m (9.5ms)[0m  [1m[35mCREATE TABLE "users" ("id" bigserial primary key, "name" character varying NOT NULL, "email" character varying NOT NULL, "created_at" timestamp(6) NOT NULL, "updated_at" timestamp(6) NOT NULL)[0m
  [1m[36mActiveRecord::SchemaMigration Create (1.4ms)[0m  [1m[32mINSERT INTO "schema_migrations" ("version") VALUES ($1) RETURNING "version"[0m  [["version", "20230216015705"]]
  [1m[36mTRANSACTION (1.2ms)[0m  [1m[35mCOMMIT[0m
  [1m[36mActiveRecord::InternalMetadata Load (1.7ms)[0m  [1m[34mSELECT "ar_internal_metadata".* FROM "ar_internal_metadata" WHERE "ar_internal_metadata"."key" = $1 LIMIT $2[0m  [["key", "environment"], ["LIMIT", 1]]
  [1m[35m (0.4ms)[0m  [1m[34mSELECT pg_advisory_unlock(3436587258125138460)[0m
  [1m[36mActiveRecord::SchemaMigration Pluck (0.7ms)[0m  [1m[34mSELECT "schema_migrations"."version" FROM "schema_migrations" ORDER BY "schema_migrations"."version" ASC[0m
Started POST "/users" for ::1 at 2023-02-15 21:04:36 -0500
  [1m[36mActiveRecord::SchemaMigration Pluck (0.8ms)[0m  [1m[34mSELECT "schema_migrations"."version" FROM "schema_migrations" ORDER BY "schema_migrations"."version" ASC[0m
Processing by UsersController#create as */*
Completed 200 OK in 1ms (Views: 0.8ms | ActiveRecord: 0.0ms | Allocations: 365)


Started POST "/users" for ::1 at 2023-02-15 21:06:12 -0500
Processing by UsersController#create as */*
Completed 200 OK in 1ms (Views: 0.7ms | ActiveRecord: 0.0ms | Allocations: 203)


Started GET "/users" for ::1 at 2023-02-15 21:06:16 -0500
Processing by UsersController#index as */*
  [1m[36mUser Load (1.0ms)[0m  [1m[34mSELECT "users".* FROM "users"[0m
  ↳ app/controllers/users_controller.rb:6:in `index'
Completed 200 OK in 9ms (Views: 3.7ms | ActiveRecord: 1.0ms | Allocations: 1762)


Started GET "/users" for ::1 at 2023-02-15 21:06:54 -0500
Processing by UsersController#index as */*
  [1m[36mUser Load (0.3ms)[0m  [1m[34mSELECT "users".* FROM "users"[0m
  ↳ app/controllers/users_controller.rb:6:in `index'
Completed 200 OK in 6ms (Views: 2.6ms | ActiveRecord: 0.3ms | Allocations: 1634)


Started GET "/users" for ::1 at 2023-02-15 21:07:27 -0500
Processing by UsersController#index as HTML
  [1m[36mUser Load (1.4ms)[0m  [1m[34mSELECT "users".* FROM "users"[0m
  ↳ app/controllers/users_controller.rb:6:in `index'
Completed 200 OK in 8ms (Views: 5.8ms | ActiveRecord: 1.4ms | Allocations: 699)


  [1m[36mTRANSACTION (1.0ms)[0m  [1m[35mBEGIN[0m
  [1m[36mUser Create (3.4ms)[0m  [1m[32mINSERT INTO "users" ("name", "email", "created_at", "updated_at") VALUES ($1, $2, $3, $4) RETURNING "id"[0m  [["name", "Morgan"], ["email", "sere@gmail.com"], ["created_at", "2023-02-16 02:08:31.208046"], ["updated_at", "2023-02-16 02:08:31.208046"]]
  [1m[36mTRANSACTION (2.3ms)[0m  [1m[35mCOMMIT[0m
  [1m[36mTRANSACTION (0.8ms)[0m  [1m[35mBEGIN[0m
  [1m[36mUser Create (2.1ms)[0m  [1m[32mINSERT INTO "users" ("name", "email", "created_at", "updated_at") VALUES ($1, $2, $3, $4) RETURNING "id"[0m  [["name", "Yong"], ["email", "sersafe@gmail.com"], ["created_at", "2023-02-16 02:09:00.545354"], ["updated_at", "2023-02-16 02:09:00.545354"]]
  [1m[36mTRANSACTION (3.2ms)[0m  [1m[35mCOMMIT[0m
Started GET "/users" for ::1 at 2023-02-15 21:09:16 -0500
  [1m[36mActiveRecord::SchemaMigration Pluck (1.3ms)[0m  [1m[34mSELECT "schema_migrations"."version" FROM "schema_migrations" ORDER BY "schema_migrations"."version" ASC[0m
Processing by UsersController#index as */*
  [1m[36mUser Load (0.7ms)[0m  [1m[34mSELECT "users".* FROM "users"[0m
  ↳ app/controllers/users_controller.rb:6:in `index'
Completed 200 OK in 26ms (Views: 15.4ms | ActiveRecord: 5.6ms | Allocations: 6210)


Started POST "/users?%22name%22=%22Lin%22&%22email%22=%22adfasf@gmail.com%22" for ::1 at 2023-02-15 21:18:25 -0500
Processing by UsersController#create as */*
  Parameters: {"\"name\""=>"\"Lin\"", "\"email\""=>"\"adfasf@gmail.com\""}
Completed 400 Bad Request in 6ms (Allocations: 1185)



ActionController::ParameterMissing - param is missing or the value is empty: user:
  app/controllers/users_controller.rb:10:in `create'

Started GET "/users?%22name%22=%22Lin%22&%22email%22=%22adfasf@gmail.com%22" for ::1 at 2023-02-15 21:19:05 -0500
Processing by UsersController#index as HTML
  Parameters: {"\"name\""=>"\"Lin\"", "\"email\""=>"\"adfasf@gmail.com\""}
  [1m[36mUser Load (1.5ms)[0m  [1m[34mSELECT "users".* FROM "users"[0m
  ↳ app/controllers/users_controller.rb:6:in `index'
Completed 200 OK in 50ms (Views: 48.6ms | ActiveRecord: 16.1ms | Allocations: 5486)


Started GET "/users?%22name%22=%22Lin%22&%22email%22=%22adfasf@gmail.com%22" for ::1 at 2023-02-15 21:19:18 -0500
Processing by UsersController#index as HTML
  Parameters: {"\"name\""=>"\"Lin\"", "\"email\""=>"\"adfasf@gmail.com\""}
  [1m[36mUser Load (1.2ms)[0m  [1m[34mSELECT "users".* FROM "users"[0m
  ↳ app/controllers/users_controller.rb:6:in `index'
Completed 200 OK in 6ms (Views: 4.1ms | ActiveRecord: 1.2ms | Allocations: 884)


Started POST "/users?%22name%22=%22Lin%22&%22email%22=%22adfasf@gmail.com%22&%22id%22=3" for ::1 at 2023-02-15 21:19:47 -0500
Processing by UsersController#create as */*
  Parameters: {"\"name\""=>"\"Lin\"", "\"email\""=>"\"adfasf@gmail.com\"", "\"id\""=>"3"}
Completed 400 Bad Request in 1ms (ActiveRecord: 0.0ms | Allocations: 597)



ActionController::ParameterMissing - param is missing or the value is empty: user:
  app/controllers/users_controller.rb:10:in `create'

Started POST "/users?%22name%22=%22Lin%22&%22email%22=%22adfasf@gmail.com%22&%22id%22=3" for ::1 at 2023-02-15 21:23:01 -0500
Processing by UsersController#create as */*
  Parameters: {"\"name\""=>"\"Lin\"", "\"email\""=>"\"adfasf@gmail.com\"", "\"id\""=>"3"}
Completed 400 Bad Request in 4ms (ActiveRecord: 0.0ms | Allocations: 1121)



ActionController::ParameterMissing - param is missing or the value is empty: user:
  app/controllers/users_controller.rb:10:in `create'

Started GET "/users?%22name%22=%22Lin%22&%22email%22=%22adfasf@gmail.com%22" for ::1 at 2023-02-15 21:23:15 -0500
Processing by UsersController#index as HTML
  Parameters: {"\"name\""=>"\"Lin\"", "\"email\""=>"\"adfasf@gmail.com\""}
  [1m[36mUser Load (1.3ms)[0m  [1m[34mSELECT "users".* FROM "users"[0m
  ↳ app/controllers/users_controller.rb:6:in `index'
Completed 200 OK in 34ms (Views: 13.2ms | ActiveRecord: 19.6ms | Allocations: 2816)


Started GET "/users?%22name%22=%22Lin%22&%22email%22=%22adfasf@gmail.com%22" for ::1 at 2023-02-15 21:23:17 -0500
Processing by UsersController#index as HTML
  Parameters: {"\"name\""=>"\"Lin\"", "\"email\""=>"\"adfasf@gmail.com\""}
  [1m[36mUser Load (1.1ms)[0m  [1m[34mSELECT "users".* FROM "users"[0m
  ↳ app/controllers/users_controller.rb:6:in `index'
Completed 200 OK in 6ms (Views: 4.5ms | ActiveRecord: 1.1ms | Allocations: 876)


Started POST "/users?%22name%22=%22Lin%22&%22email%22=%22adfasf@gmail.com%22&%22id%22=3" for ::1 at 2023-02-15 21:24:10 -0500
Processing by UsersController#create as */*
  Parameters: {"\"name\""=>"\"Lin\"", "\"email\""=>"\"adfasf@gmail.com\"", "\"id\""=>"3"}
Completed 400 Bad Request in 4ms (ActiveRecord: 0.0ms | Allocations: 1121)



ActionController::ParameterMissing - param is missing or the value is empty: user:
  app/controllers/users_controller.rb:10:in `create'

Started GET "/users?%22name%22=%22Lin%22&%22email%22=%22adfasf@gmail.com%22" for ::1 at 2023-02-15 21:24:22 -0500
Processing by UsersController#index as HTML
  Parameters: {"\"name\""=>"\"Lin\"", "\"email\""=>"\"adfasf@gmail.com\""}
  [1m[36mUser Load (1.0ms)[0m  [1m[34mSELECT "users".* FROM "users"[0m
  ↳ app/controllers/users_controller.rb:6:in `index'
Completed 200 OK in 19ms (Views: 9.3ms | ActiveRecord: 6.2ms | Allocations: 3337)


Started POST "/users?%22name%22=%22Lin%22&%22email%22=%22adfasf@gmail.com%22&%22id%22=3" for ::1 at 2023-02-15 21:26:02 -0500
  [1m[36mActiveRecord::SchemaMigration Pluck (1.1ms)[0m  [1m[34mSELECT "schema_migrations"."version" FROM "schema_migrations" ORDER BY "schema_migrations"."version" ASC[0m
Processing by UsersController#create as */*
  Parameters: {"\"name\""=>"\"Lin\"", "\"email\""=>"\"adfasf@gmail.com\"", "\"id\""=>"3"}
Completed 400 Bad Request in 3ms (ActiveRecord: 0.0ms | Allocations: 1267)



ActionController::ParameterMissing - param is missing or the value is empty: user:
  app/controllers/users_controller.rb:10:in `create'

Started POST "/users?%22name%22=%22Lin%22&%22email%22=%22adfasf@gmail.com%22" for ::1 at 2023-02-15 21:27:51 -0500
Processing by UsersController#create as */*
  Parameters: {"\"name\""=>"\"Lin\"", "\"email\""=>"\"adfasf@gmail.com\""}
Completed 400 Bad Request in 1ms (ActiveRecord: 0.0ms | Allocations: 599)



ActionController::ParameterMissing - param is missing or the value is empty: user:
  app/controllers/users_controller.rb:10:in `create'

Started GET "/users" for ::1 at 2023-02-15 21:28:27 -0500
Processing by UsersController#index as */*
  [1m[36mUser Load (1.2ms)[0m  [1m[34mSELECT "users".* FROM "users"[0m
  ↳ app/controllers/users_controller.rb:6:in `index'
Completed 200 OK in 33ms (Views: 23.5ms | ActiveRecord: 7.9ms | Allocations: 5579)


Started POST "/users?%22name%22=%22Lin%22" for ::1 at 2023-02-15 21:28:45 -0500
Processing by UsersController#create as */*
  Parameters: {"\"name\""=>"\"Lin\""}
Completed 400 Bad Request in 1ms (ActiveRecord: 0.0ms | Allocations: 618)



ActionController::ParameterMissing - param is missing or the value is empty: user:
  app/controllers/users_controller.rb:10:in `create'

Started POST "/users?%22user%22={%22name%22:%20%22Lin,%20%22email%22:%22adfasf@gmail.com%22}" for ::1 at 2023-02-15 21:31:33 -0500
Processing by UsersController#create as */*
  Parameters: {"\"user\""=>"{\"name\": \"Lin, \"email\":\"adfasf@gmail.com\"}"}
Completed 400 Bad Request in 2ms (ActiveRecord: 0.0ms | Allocations: 626)



ActionController::ParameterMissing - param is missing or the value is empty: user
Did you mean?  "user":
  app/controllers/users_controller.rb:10:in `create'

Started POST "/users?user={%22name%22:%20%22Lin,%20%22email%22:%22adfasf@gmail.com%22}" for ::1 at 2023-02-15 21:31:46 -0500
Processing by UsersController#create as */*
  Parameters: {"user"=>"{\"name\": \"Lin, \"email\":\"adfasf@gmail.com\"}"}
Completed 500 Internal Server Error in 6ms (ActiveRecord: 0.0ms | Allocations: 1978)



NoMethodError - undefined method `permit' for "{\"name\": \"Lin, \"email\":\"adfasf@gmail.com\"}":String
        user = User.new(params.require(:user).permit(:name, :email))
                                             ^^^^^^^:
  app/controllers/users_controller.rb:10:in `create'

Started GET "/users?user={%22name%22:%20%22Lin,%20%22email%22:%22adfasf@gmail.com%22}" for ::1 at 2023-02-15 21:32:20 -0500
Processing by UsersController#index as HTML
  Parameters: {"user"=>"{\"name\": \"Lin, \"email\":\"adfasf@gmail.com\"}"}
  [1m[36mUser Load (2.6ms)[0m  [1m[34mSELECT "users".* FROM "users"[0m
  ↳ app/controllers/users_controller.rb:6:in `index'
Completed 200 OK in 12ms (Views: 8.8ms | ActiveRecord: 2.6ms | Allocations: 960)


Started POST "/users?user=%22{%22name%22:%20%22Lin,%20%22email%22:%22adfasf@gmail.com%22}%22" for ::1 at 2023-02-15 21:32:58 -0500
Processing by UsersController#create as */*
  Parameters: {"user"=>"\"{\"name\": \"Lin, \"email\":\"adfasf@gmail.com\"}\""}
Completed 500 Internal Server Error in 4ms (ActiveRecord: 0.0ms | Allocations: 1911)



NoMethodError - undefined method `permit' for "\"{\"name\": \"Lin, \"email\":\"adfasf@gmail.com\"}\"":String
        user = User.new(params.require(:user).permit(:name, :email))
                                             ^^^^^^^:
  app/controllers/users_controller.rb:10:in `create'

Started POST "/users?user=name/Lin/email/adfasf@gmail.com" for ::1 at 2023-02-15 21:33:57 -0500
Processing by UsersController#create as */*
  Parameters: {"user"=>"name/Lin/email/adfasf@gmail.com"}
Completed 500 Internal Server Error in 5ms (ActiveRecord: 0.0ms | Allocations: 1912)



NoMethodError - undefined method `permit' for "name/Lin/email/adfasf@gmail.com":String
        user = User.new(params.require(:user).permit(:name, :email))
                                             ^^^^^^^:
  app/controllers/users_controller.rb:10:in `create'

